#
# There is insufficient memory for the Java Runtime Environment to continue.
# Native memory allocation (malloc) failed to allocate 32744 bytes for ChunkPool::allocate
# Possible reasons:
#   The system is out of physical RAM or swap space
#   The process is running with CompressedOops enabled, and the Java Heap may be blocking the growth of the native heap
# Possible solutions:
#   Reduce memory load on the system
#   Increase physical memory or swap space
#   Check if swap backing store is full
#   Decrease Java heap size (-Xmx/-Xms)
#   Decrease number of Java threads
#   Decrease Java thread stack sizes (-Xss)
#   Set larger code cache with -XX:ReservedCodeCacheSize=
#   JVM is running with Unscaled Compressed Oops mode in which the Java heap is
#     placed in the first 4GB address space. The Java Heap base address is the
#     maximum limit for the native heap growth. Please use -XX:HeapBaseMinAddress
#     to set the Java Heap base and to place the Java Heap above 4GB virtual address.
# This output file may be truncated or incomplete.
#
#  Out of Memory Error (allocation.cpp:272), pid=7368, tid=0x0000000000001698
#
# JRE version: OpenJDK Runtime Environment (8.0_212-b04) (build 1.8.0_212-release-1586-b04)
# Java VM: OpenJDK 64-Bit Server VM (25.212-b04 mixed mode windows-amd64 compressed oops)
# Failed to write core dump. Minidumps are not enabled by default on client versions of Windows
#

---------------  T H R E A D  ---------------

Current thread (0x0000000016b4b000):  JavaThread "C1 CompilerThread2" daemon [_thread_in_native, id=5784, stack(0x00000000183a0000,0x00000000184a0000)]

Stack: [0x00000000183a0000,0x00000000184a0000]
[error occurred during error reporting (printing stack bounds), id 0xc0000005]

Native frames: (J=compiled Java code, j=interpreted, Vv=VM code, C=native code)


Current CompileTask:
C1:   6023 1520       3       com.google.common.base.CharMatcher::indexIn (48 bytes)


---------------  P R O C E S S  ---------------

Java Threads: ( => current thread )
  0x000000001a6bc000 JavaThread "Cache worker for journal cache (C:\Users\Hamza Irshad\.gradle\caches\journal-1)" [_thread_blocked, id=9680, stack(0x000000001c8c0000,0x000000001c9c0000)]
  0x000000001a6c0000 JavaThread "File lock request listener" [_thread_in_native, id=3012, stack(0x000000001c7c0000,0x000000001c8c0000)]
  0x000000001a6b9000 JavaThread "Cache worker for file hash cache (C:\Users\Hamza Irshad\.gradle\caches\5.6.4\fileHashes)" [_thread_blocked, id=8696, stack(0x000000001c4c0000,0x000000001c5c0000)]
  0x000000001a4c9000 JavaThread "Thread-9" [_thread_blocked, id=4268, stack(0x000000001c3c0000,0x000000001c4c0000)]
  0x000000001a4c8800 JavaThread "Stdin handler" [_thread_blocked, id=3592, stack(0x000000001c2c0000,0x000000001c3c0000)]
  0x000000001a5fb800 JavaThread "Asynchronous log dispatcher for DefaultDaemonConnection: socket connection from /127.0.0.1:3553 to /127.0.0.1:3554" [_thread_blocked, id=9696, stack(0x000000001c1c0000,0x000000001c2c0000)]
  0x000000001a4c6800 JavaThread "Daemon worker" [_thread_in_Java, id=8040, stack(0x000000001c0c0000,0x000000001c1c0000)]
  0x000000001a4c6000 JavaThread "Cancel handler" [_thread_blocked, id=4676, stack(0x000000001bfc0000,0x000000001c0c0000)]
  0x000000001a328800 JavaThread "Handler for socket connection from /127.0.0.1:3553 to /127.0.0.1:3554" [_thread_in_native, id=9864, stack(0x000000001bcc0000,0x000000001bdc0000)]
  0x000000001a425800 JavaThread "Daemon" [_thread_blocked, id=9848, stack(0x000000001bbc0000,0x000000001bcc0000)]
  0x000000001a52a000 JavaThread "Daemon periodic checks" [_thread_blocked, id=10020, stack(0x000000001bac0000,0x000000001bbc0000)]
  0x000000001a266000 JavaThread "Incoming local TCP Connector on port 3553" [_thread_in_native, id=7852, stack(0x000000001b880000,0x000000001b980000)]
  0x000000001a04a000 JavaThread "Daemon health stats" [_thread_blocked, id=3172, stack(0x000000001b240000,0x000000001b340000)]
  0x0000000016b9c000 JavaThread "Service Thread" daemon [_thread_blocked, id=10044, stack(0x00000000188a0000,0x00000000189a0000)]
=>0x0000000016b4b000 JavaThread "C1 CompilerThread2" daemon [_thread_in_native, id=5784, stack(0x00000000183a0000,0x00000000184a0000)]
  0x0000000016b40800 JavaThread "C2 CompilerThread1" daemon [_thread_in_native, id=8596, stack(0x00000000182a0000,0x00000000183a0000)]
  0x0000000016b3c000 JavaThread "C2 CompilerThread0" daemon [_thread_in_native, id=9768, stack(0x00000000181a0000,0x00000000182a0000)]
  0x0000000016b3a800 JavaThread "Attach Listener" daemon [_thread_blocked, id=9604, stack(0x00000000180a0000,0x00000000181a0000)]
  0x0000000016b39800 JavaThread "Signal Dispatcher" daemon [_thread_blocked, id=6024, stack(0x0000000017fa0000,0x00000000180a0000)]
  0x00000000031cb000 JavaThread "Finalizer" daemon [_thread_blocked, id=2376, stack(0x0000000017da0000,0x0000000017ea0000)]
  0x0000000016b29000 JavaThread "Reference Handler" daemon [_thread_blocked, id=3156, stack(0x0000000017ca0000,0x0000000017da0000)]
  0x000000000133e000 JavaThread "main" [_thread_blocked, id=936, stack(0x00000000017a0000,0x00000000018a0000)]

Other Threads:
  0x0000000016b06000 VMThread [stack: 0x0000000017ba0000,0x0000000017ca0000] [id=3496]
  0x0000000016b9d000 WatcherThread [stack: 0x00000000189a0000,0x0000000018aa0000] [id=8476]

VM state:not at safepoint (normal execution)

VM Mutex/Monitor currently owned by a thread: None

heap address: 0x00000000a0000000, size: 1536 MB, Compressed Oops mode: 32-bit
Narrow klass base: 0x0000000000000000, Narrow klass shift: 3
Compressed class space size: 1073741824 Address: 0x0000000100000000

Heap:
 PSYoungGen      total 70656K, used 18052K [0x00000000e0000000, 0x00000000e4e00000, 0x0000000100000000)
  eden space 64512K, 18% used [0x00000000e0000000,0x00000000e0bd8730,0x00000000e3f00000)
  from space 6144K, 96% used [0x00000000e4600000,0x00000000e4bc8940,0x00000000e4c00000)
  to   space 7168K, 0% used [0x00000000e3f00000,0x00000000e3f00000,0x00000000e4600000)
 ParOldGen       total 44032K, used 4896K [0x00000000a0000000, 0x00000000a2b00000, 0x00000000e0000000)
  object space 44032K, 11% used [0x00000000a0000000,0x00000000a04c81d0,0x00000000a2b00000)
 Metaspace       used 15717K, capacity 16106K, committed 16256K, reserved 1062912K
  class space    used 2217K, capacity 2371K, committed 2432K, reserved 1048576K

Card table byte_map: [0x0000000012590000,0x00000000128a0000] byte_map_base: 0x0000000012090000

Marking Bits: (ParMarkBitMap*) 0x0000000069b59f30
 Begin Bits: [0x0000000012ea0000, 0x00000000146a0000)
 End Bits:   [0x00000000146a0000, 0x0000000015ea0000)

Polling page: 0x0000000001320000

CodeCache: size=245760Kb used=5391Kb max_used=5391Kb free=240368Kb
 bounds [0x00000000031d0000, 0x0000000003720000, 0x00000000121d0000]
 total_blobs=1907 nmethods=1516 adapters=304
 compilation: enabled

Compilation events (10 events):
Event: 6.016 Thread 0x0000000016b4b000 nmethod 1515 0x0000000003713690 code [0x0000000003713800, 0x00000000037139d0]
Event: 6.017 Thread 0x0000000016b4b000 1516       3       com.google.common.io.LineBuffer::finishLine (63 bytes)
Event: 6.017 Thread 0x0000000016b4b000 nmethod 1516 0x0000000003713a90 code [0x0000000003713c40, 0x0000000003714338]
Event: 6.017 Thread 0x0000000016b4b000 1517       3       com.google.common.io.LineReader$1::handleLine (15 bytes)
Event: 6.018 Thread 0x0000000016b4b000 nmethod 1517 0x00000000037145d0 code [0x0000000003714740, 0x0000000003714968]
Event: 6.018 Thread 0x0000000016b4b000 1518       3       com.google.common.io.LineReader::readLine (105 bytes)
Event: 6.019 Thread 0x0000000016b4b000 nmethod 1518 0x0000000003714a90 code [0x0000000003714ca0, 0x00000000037157b8]
Event: 6.019 Thread 0x0000000016b4b000 1519       3       java.util.LinkedList::poll (19 bytes)
Event: 6.019 Thread 0x0000000016b4b000 nmethod 1519 0x0000000003715b50 code [0x0000000003715cc0, 0x0000000003715ea8]
Event: 6.021 Thread 0x0000000016b4b000 1520       3       com.google.common.base.CharMatcher::indexIn (48 bytes)

GC Heap History (10 events):
Event: 1.513 GC heap before
{Heap before GC invocations=2 (full 0):
 PSYoungGen      total 18944K, used 18849K [0x00000000e0000000, 0x00000000e1500000, 0x0000000100000000)
  eden space 16384K, 100% used [0x00000000e0000000,0x00000000e1000000,0x00000000e1000000)
  from space 2560K, 96% used [0x00000000e1000000,0x00000000e12684d0,0x00000000e1280000)
  to   space 2560K, 0% used [0x00000000e1280000,0x00000000e1280000,0x00000000e1500000)
 ParOldGen       total 44032K, used 8K [0x00000000a0000000, 0x00000000a2b00000, 0x00000000e0000000)
  object space 44032K, 0% used [0x00000000a0000000,0x00000000a0002000,0x00000000a2b00000)
 Metaspace       used 6733K, capacity 6956K, committed 7040K, reserved 1056768K
  class space    used 817K, capacity 876K, committed 896K, reserved 1048576K
Event: 1.521 GC heap after
Heap after GC invocations=2 (full 0):
 PSYoungGen      total 18944K, used 2533K [0x00000000e0000000, 0x00000000e1500000, 0x0000000100000000)
  eden space 16384K, 0% used [0x00000000e0000000,0x00000000e0000000,0x00000000e1000000)
  from space 2560K, 98% used [0x00000000e1280000,0x00000000e14f9740,0x00000000e1500000)
  to   space 2560K, 0% used [0x00000000e1000000,0x00000000e1000000,0x00000000e1280000)
 ParOldGen       total 44032K, used 595K [0x00000000a0000000, 0x00000000a2b00000, 0x00000000e0000000)
  object space 44032K, 1% used [0x00000000a0000000,0x00000000a0094ce8,0x00000000a2b00000)
 Metaspace       used 6733K, capacity 6956K, committed 7040K, reserved 1056768K
  class space    used 817K, capacity 876K, committed 896K, reserved 1048576K
}
Event: 1.777 GC heap before
{Heap before GC invocations=3 (full 0):
 PSYoungGen      total 18944K, used 18917K [0x00000000e0000000, 0x00000000e1500000, 0x0000000100000000)
  eden space 16384K, 100% used [0x00000000e0000000,0x00000000e1000000,0x00000000e1000000)
  from space 2560K, 98% used [0x00000000e1280000,0x00000000e14f9740,0x00000000e1500000)
  to   space 2560K, 0% used [0x00000000e1000000,0x00000000e1000000,0x00000000e1280000)
 ParOldGen       total 44032K, used 595K [0x00000000a0000000, 0x00000000a2b00000, 0x00000000e0000000)
  object space 44032K, 1% used [0x00000000a0000000,0x00000000a0094ce8,0x00000000a2b00000)
 Metaspace       used 6752K, capacity 6956K, committed 7040K, reserved 1056768K
  class space    used 817K, capacity 876K, committed 896K, reserved 1048576K
Event: 1.782 GC heap after
Heap after GC invocations=3 (full 0):
 PSYoungGen      total 18944K, used 1984K [0x00000000e0000000, 0x00000000e2500000, 0x0000000100000000)
  eden space 16384K, 0% used [0x00000000e0000000,0x00000000e0000000,0x00000000e1000000)
  from space 2560K, 77% used [0x00000000e1000000,0x00000000e11f0020,0x00000000e1280000)
  to   space 2560K, 0% used [0x00000000e2280000,0x00000000e2280000,0x00000000e2500000)
 ParOldGen       total 44032K, used 595K [0x00000000a0000000, 0x00000000a2b00000, 0x00000000e0000000)
  object space 44032K, 1% used [0x00000000a0000000,0x00000000a0094ce8,0x00000000a2b00000)
 Metaspace       used 6752K, capacity 6956K, committed 7040K, reserved 1056768K
  class space    used 817K, capacity 876K, committed 896K, reserved 1048576K
}
Event: 2.128 GC heap before
{Heap before GC invocations=4 (full 0):
 PSYoungGen      total 18944K, used 18368K [0x00000000e0000000, 0x00000000e2500000, 0x0000000100000000)
  eden space 16384K, 100% used [0x00000000e0000000,0x00000000e1000000,0x00000000e1000000)
  from space 2560K, 77% used [0x00000000e1000000,0x00000000e11f0020,0x00000000e1280000)
  to   space 2560K, 0% used [0x00000000e2280000,0x00000000e2280000,0x00000000e2500000)
 ParOldGen       total 44032K, used 595K [0x00000000a0000000, 0x00000000a2b00000, 0x00000000e0000000)
  object space 44032K, 1% used [0x00000000a0000000,0x00000000a0094ce8,0x00000000a2b00000)
 Metaspace       used 6960K, capacity 7204K, committed 7424K, reserved 1056768K
  class space    used 848K, capacity 916K, committed 1024K, reserved 1048576K
Event: 2.137 GC heap after
Heap after GC invocations=4 (full 0):
 PSYoungGen      total 35328K, used 2528K [0x00000000e0000000, 0x00000000e2500000, 0x0000000100000000)
  eden space 32768K, 0% used [0x00000000e0000000,0x00000000e0000000,0x00000000e2000000)
  from space 2560K, 98% used [0x00000000e2280000,0x00000000e24f8020,0x00000000e2500000)
  to   space 2560K, 0% used [0x00000000e2000000,0x00000000e2000000,0x00000000e2280000)
 ParOldGen       total 44032K, used 1076K [0x00000000a0000000, 0x00000000a2b00000, 0x00000000e0000000)
  object space 44032K, 2% used [0x00000000a0000000,0x00000000a010d0d8,0x00000000a2b00000)
 Metaspace       used 6960K, capacity 7204K, committed 7424K, reserved 1056768K
  class space    used 848K, capacity 916K, committed 1024K, reserved 1048576K
}
Event: 3.870 GC heap before
{Heap before GC invocations=5 (full 0):
 PSYoungGen      total 35328K, used 35296K [0x00000000e0000000, 0x00000000e2500000, 0x0000000100000000)
  eden space 32768K, 100% used [0x00000000e0000000,0x00000000e2000000,0x00000000e2000000)
  from space 2560K, 98% used [0x00000000e2280000,0x00000000e24f8020,0x00000000e2500000)
  to   space 2560K, 0% used [0x00000000e2000000,0x00000000e2000000,0x00000000e2280000)
 ParOldGen       total 44032K, used 1076K [0x00000000a0000000, 0x00000000a2b00000, 0x00000000e0000000)
  object space 44032K, 2% used [0x00000000a0000000,0x00000000a010d0d8,0x00000000a2b00000)
 Metaspace       used 12256K, capacity 12694K, committed 12800K, reserved 1060864K
  class space    used 1635K, capacity 1739K, committed 1792K, reserved 1048576K
Event: 3.882 GC heap after
Heap after GC invocations=5 (full 0):
 PSYoungGen      total 35328K, used 2560K [0x00000000e0000000, 0x00000000e4c00000, 0x0000000100000000)
  eden space 32768K, 0% used [0x00000000e0000000,0x00000000e0000000,0x00000000e2000000)
  from space 2560K, 100% used [0x00000000e2000000,0x00000000e2280000,0x00000000e2280000)
  to   space 6144K, 0% used [0x00000000e4600000,0x00000000e4600000,0x00000000e4c00000)
 ParOldGen       total 44032K, used 4896K [0x00000000a0000000, 0x00000000a2b00000, 0x00000000e0000000)
  object space 44032K, 11% used [0x00000000a0000000,0x00000000a04c81d0,0x00000000a2b00000)
 Metaspace       used 12256K, capacity 12694K, committed 12800K, reserved 1060864K
  class space    used 1635K, capacity 1739K, committed 1792K, reserved 1048576K
}
Event: 5.059 GC heap before
{Heap before GC invocations=6 (full 0):
 PSYoungGen      total 35328K, used 35328K [0x00000000e0000000, 0x00000000e4c00000, 0x0000000100000000)
  eden space 32768K, 100% used [0x00000000e0000000,0x00000000e2000000,0x00000000e2000000)
  from space 2560K, 100% used [0x00000000e2000000,0x00000000e2280000,0x00000000e2280000)
  to   space 6144K, 0% used [0x00000000e4600000,0x00000000e4600000,0x00000000e4c00000)
 ParOldGen       total 44032K, used 4896K [0x00000000a0000000, 0x00000000a2b00000, 0x00000000e0000000)
  object space 44032K, 11% used [0x00000000a0000000,0x00000000a04c81d0,0x00000000a2b00000)
 Metaspace       used 14574K, capacity 14974K, committed 15232K, reserved 1062912K
  class space    used 2030K, capacity 2159K, committed 2176K, reserved 1048576K
Event: 5.073 GC heap after
Heap after GC invocations=6 (full 0):
 PSYoungGen      total 70656K, used 5922K [0x00000000e0000000, 0x00000000e4e00000, 0x0000000100000000)
  eden space 64512K, 0% used [0x00000000e0000000,0x00000000e0000000,0x00000000e3f00000)
  from space 6144K, 96% used [0x00000000e4600000,0x00000000e4bc8940,0x00000000e4c00000)
  to   space 7168K, 0% used [0x00000000e3f00000,0x00000000e3f00000,0x00000000e4600000)
 ParOldGen       total 44032K, used 4896K [0x00000000a0000000, 0x00000000a2b00000, 0x00000000e0000000)
  object space 44032K, 11% used [0x00000000a0000000,0x00000000a04c81d0,0x00000000a2b00000)
 Metaspace       used 14574K, capacity 14974K, committed 15232K, reserved 1062912K
  class space    used 2030K, capacity 2159K, committed 2176K, reserved 1048576K
}

Deoptimization events (10 events):
Event: 3.002 Thread 0x000000000133e000 Uncommon trap: reason=unstable_if action=reinterpret pc=0x00000000034993e8 method=java.io.WinNTFileSystem.normalize(Ljava/lang/String;)Ljava/lang/String; @ 128
Event: 3.557 Thread 0x000000001a328800 Uncommon trap: reason=unstable_if action=reinterpret pc=0x00000000035d54f0 method=java.util.concurrent.ConcurrentHashMap.putVal(Ljava/lang/Object;Ljava/lang/Object;Z)Ljava/lang/Object; @ 206
Event: 3.735 Thread 0x000000001a4c6800 Uncommon trap: reason=bimorphic action=maybe_recompile pc=0x000000000344b7c0 method=java.util.HashMap.putVal(ILjava/lang/Object;Ljava/lang/Object;ZZ)Ljava/lang/Object; @ 253
Event: 3.735 Thread 0x000000001a4c6800 Uncommon trap: reason=bimorphic action=maybe_recompile pc=0x000000000344b7c0 method=java.util.HashMap.putVal(ILjava/lang/Object;Ljava/lang/Object;ZZ)Ljava/lang/Object; @ 253
Event: 3.735 Thread 0x000000001a4c6800 Uncommon trap: reason=bimorphic action=maybe_recompile pc=0x000000000344b7c0 method=java.util.HashMap.putVal(ILjava/lang/Object;Ljava/lang/Object;ZZ)Ljava/lang/Object; @ 253
Event: 4.600 Thread 0x000000001a4c6800 Uncommon trap: reason=class_check action=maybe_recompile pc=0x00000000034b2598 method=java.util.regex.Matcher.match(II)Z @ 86
Event: 4.628 Thread 0x000000001a4c6800 Uncommon trap: reason=class_check action=maybe_recompile pc=0x00000000034b2598 method=java.util.regex.Matcher.match(II)Z @ 86
Event: 4.629 Thread 0x000000001a4c6800 Uncommon trap: reason=class_check action=maybe_recompile pc=0x00000000034b2598 method=java.util.regex.Matcher.match(II)Z @ 86
Event: 4.630 Thread 0x000000001a4c6800 Uncommon trap: reason=class_check action=maybe_recompile pc=0x000000000347389c method=java.util.regex.Matcher.match(II)Z @ 86
Event: 5.852 Thread 0x000000001a4c6800 Uncommon trap: reason=unstable_if action=reinterpret pc=0x0000000003675374 method=java.lang.String.lastIndexOf([CII[CIII)I @ 66

Classes redefined (0 events):
No events

Internal exceptions (10 events):
Event: 3.592 Thread 0x000000001a328800 Exception <a 'java/lang/NoSuchMethodError': <clinit>> (0x00000000e1ab5460) thrown at [D:\src\AOSP-openjdk-cygwin\jdk8u\hotspot\src\share\vm\prims\jni.cpp, line 1614]
Event: 3.619 Thread 0x000000001a328800 Exception <a 'java/lang/NoSuchMethodError': <clinit>> (0x00000000e1acd508) thrown at [D:\src\AOSP-openjdk-cygwin\jdk8u\hotspot\src\share\vm\prims\jni.cpp, line 1614]
Event: 3.625 Thread 0x000000001a328800 Exception <a 'java/lang/NoSuchMethodError': <clinit>> (0x00000000e1ad6198) thrown at [D:\src\AOSP-openjdk-cygwin\jdk8u\hotspot\src\share\vm\prims\jni.cpp, line 1614]
Event: 3.632 Thread 0x000000001a328800 Exception <a 'java/lang/NoSuchMethodError': <clinit>> (0x00000000e1aec8e0) thrown at [D:\src\AOSP-openjdk-cygwin\jdk8u\hotspot\src\share\vm\prims\jni.cpp, line 1614]
Event: 3.658 Thread 0x000000001a328800 Exception <a 'java/lang/NoSuchMethodError': <clinit>> (0x00000000e1b55820) thrown at [D:\src\AOSP-openjdk-cygwin\jdk8u\hotspot\src\share\vm\prims\jni.cpp, line 1614]
Event: 3.669 Thread 0x000000001a328800 Exception <a 'java/lang/NoSuchMethodError': <clinit>> (0x00000000e1b823b0) thrown at [D:\src\AOSP-openjdk-cygwin\jdk8u\hotspot\src\share\vm\prims\jni.cpp, line 1614]
Event: 3.688 Thread 0x000000001a328800 Exception <a 'java/lang/NoSuchMethodError': <clinit>> (0x00000000e1b9fd10) thrown at [D:\src\AOSP-openjdk-cygwin\jdk8u\hotspot\src\share\vm\prims\jni.cpp, line 1614]
Event: 5.312 Thread 0x000000001a4c6800 Exception <a 'java/lang/NoSuchMethodError': java.lang.Object.lambda$and$0(Ljava/util/function/Predicate;Ljava/lang/Object;)Z> (0x00000000e0854b90) thrown at [D:\src\AOSP-openjdk-cygwin\jdk8u\hotspot\src\share\vm\interpreter\linkResolver.cpp, line 620]
Event: 5.331 Thread 0x000000001a4c6800 Exception <a 'java/lang/IncompatibleClassChangeError': Found class java.lang.Object, but interface was expected> (0x00000000e086ae78) thrown at [D:\src\AOSP-openjdk-cygwin\jdk8u\hotspot\src\share\vm\interpreter\linkResolver.cpp, line 653]
Event: 5.335 Thread 0x000000001a4c6800 Exception <a 'java/lang/NoSuchMethodError': java.lang.Object.lambda$or$2(Ljava/util/function/Predicate;Ljava/lang/Object;)Z> (0x00000000e086fd88) thrown at [D:\src\AOSP-openjdk-cygwin\jdk8u\hotspot\src\share\vm\interpreter\linkResolver.cpp, line 620]

Events (10 events):
Event: 6.012 loading class com/google/common/base/Splitter$SplittingIterator
Event: 6.012 loading class com/google/common/base/Splitter$SplittingIterator done
Event: 6.012 loading class com/google/common/base/AbstractIterator
Event: 6.012 loading class com/google/common/base/AbstractIterator done
Event: 6.013 loading class com/google/common/base/Splitter$1$1
Event: 6.013 loading class com/google/common/base/Splitter$1$1 done
Event: 6.013 loading class com/google/common/base/AbstractIterator$State
Event: 6.013 loading class com/google/common/base/AbstractIterator$State done
Event: 6.014 loading class com/google/common/base/AbstractIterator$1
Event: 6.014 loading class com/google/common/base/AbstractIterator$1 done


Dynamic libraries:
0x00007ff616d20000 - 0x00007ff616d51000 	C:\Program Files\Android\Android Studio\jre\bin\java.exe
0x00007ffd56da0000 - 0x00007ffd56f90000 	C:\WINDOWS\SYSTEM32\ntdll.dll
0x00007ffd56420000 - 0x00007ffd564d2000 	C:\WINDOWS\System32\KERNEL32.DLL
0x00007ffd54080000 - 0x00007ffd54324000 	C:\WINDOWS\System32\KERNELBASE.dll
0x00007ffd56cb0000 - 0x00007ffd56d53000 	C:\WINDOWS\System32\ADVAPI32.dll
0x00007ffd567e0000 - 0x00007ffd5687e000 	C:\WINDOWS\System32\msvcrt.dll
0x00007ffd54e50000 - 0x00007ffd54ee7000 	C:\WINDOWS\System32\sechost.dll
0x00007ffd56570000 - 0x00007ffd56690000 	C:\WINDOWS\System32\RPCRT4.dll
0x00007ffd55bc0000 - 0x00007ffd55d54000 	C:\WINDOWS\System32\USER32.dll
0x00007ffd54430000 - 0x00007ffd54451000 	C:\WINDOWS\System32\win32u.dll
0x00007ffd55df0000 - 0x00007ffd55e16000 	C:\WINDOWS\System32\GDI32.dll
0x00007ffd53ee0000 - 0x00007ffd54074000 	C:\WINDOWS\System32\gdi32full.dll
0x00007ffd54db0000 - 0x00007ffd54e4e000 	C:\WINDOWS\System32\msvcp_win.dll
0x00007ffd53d30000 - 0x00007ffd53e2a000 	C:\WINDOWS\System32\ucrtbase.dll
0x00007ffd43f70000 - 0x00007ffd441f4000 	C:\WINDOWS\WinSxS\amd64_microsoft.windows.common-controls_6595b64144ccf1df_6.0.18362.836_none_e6c4b943130f18ed\COMCTL32.dll
0x00007ffd55880000 - 0x00007ffd55bb6000 	C:\WINDOWS\System32\combase.dll
0x00007ffd543b0000 - 0x00007ffd54430000 	C:\WINDOWS\System32\bcryptPrimitives.dll
0x00007ffd55dc0000 - 0x00007ffd55dee000 	C:\WINDOWS\System32\IMM32.DLL
0x000000006a140000 - 0x000000006a212000 	C:\Program Files\Android\Android Studio\jre\jre\bin\msvcr100.dll
0x0000000069390000 - 0x0000000069bd6000 	C:\Program Files\Android\Android Studio\jre\jre\bin\server\jvm.dll
0x00007ffd56b40000 - 0x00007ffd56b48000 	C:\WINDOWS\System32\PSAPI.DLL
0x00007ffd3f890000 - 0x00007ffd3f899000 	C:\WINDOWS\SYSTEM32\WSOCK32.dll
0x00007ffd55e20000 - 0x00007ffd55e8f000 	C:\WINDOWS\System32\WS2_32.dll
0x00007ffd51590000 - 0x00007ffd515b4000 	C:\WINDOWS\SYSTEM32\WINMM.dll
0x00007ffd51b00000 - 0x00007ffd51b0a000 	C:\WINDOWS\SYSTEM32\VERSION.dll
0x00007ffd51560000 - 0x00007ffd5158d000 	C:\WINDOWS\SYSTEM32\WINMMBASE.dll
0x00007ffd54d60000 - 0x00007ffd54daa000 	C:\WINDOWS\System32\cfgmgr32.dll
0x00007ffd4bb10000 - 0x00007ffd4bb1f000 	C:\Program Files\Android\Android Studio\jre\jre\bin\verify.dll
0x00007ffd41eb0000 - 0x00007ffd41ed9000 	C:\Program Files\Android\Android Studio\jre\jre\bin\java.dll
0x00007ffd42f50000 - 0x00007ffd42f66000 	C:\Program Files\Android\Android Studio\jre\jre\bin\zip.dll
0x00007ffd55050000 - 0x00007ffd55734000 	C:\WINDOWS\System32\SHELL32.dll
0x00007ffd56a90000 - 0x00007ffd56b39000 	C:\WINDOWS\System32\shcore.dll
0x00007ffd54490000 - 0x00007ffd54c0e000 	C:\WINDOWS\System32\windows.storage.dll
0x00007ffd53c70000 - 0x00007ffd53c93000 	C:\WINDOWS\System32\profapi.dll
0x00007ffd53ca0000 - 0x00007ffd53cea000 	C:\WINDOWS\System32\powrprof.dll
0x00007ffd53c60000 - 0x00007ffd53c70000 	C:\WINDOWS\System32\UMPDC.dll
0x00007ffd55d60000 - 0x00007ffd55db2000 	C:\WINDOWS\System32\shlwapi.dll
0x00007ffd53cf0000 - 0x00007ffd53d01000 	C:\WINDOWS\System32\kernel.appcore.dll
0x00007ffd54330000 - 0x00007ffd54347000 	C:\WINDOWS\System32\cryptsp.dll
0x00007ffd3fb60000 - 0x00007ffd3fb7a000 	C:\Program Files\Android\Android Studio\jre\jre\bin\net.dll
0x00007ffd459f0000 - 0x00007ffd45bc6000 	C:\WINDOWS\SYSTEM32\urlmon.dll
0x00007ffd45dc0000 - 0x00007ffd46066000 	C:\WINDOWS\SYSTEM32\iertutil.dll
0x00007ffd53640000 - 0x00007ffd5364c000 	C:\WINDOWS\SYSTEM32\CRYPTBASE.DLL
0x00007ffd53470000 - 0x00007ffd534d7000 	C:\WINDOWS\system32\mswsock.dll
0x00007ffd3df30000 - 0x00007ffd3df43000 	C:\Program Files\Android\Android Studio\jre\jre\bin\nio.dll
0x00007ffd2d720000 - 0x00007ffd2d746000 	C:\Users\Hamza Irshad\.gradle\native\30\windows-amd64\native-platform.dll
0x00007ffd4bb00000 - 0x00007ffd4bb0d000 	C:\Program Files\Android\Android Studio\jre\jre\bin\management.dll
0x00007ffd52fe0000 - 0x00007ffd53013000 	C:\WINDOWS\system32\rsaenh.dll
0x00007ffd54460000 - 0x00007ffd54486000 	C:\WINDOWS\System32\bcrypt.dll
0x00007ffd53b50000 - 0x00007ffd53b75000 	C:\WINDOWS\SYSTEM32\USERENV.dll
0x00007ffd53180000 - 0x00007ffd531ba000 	C:\WINDOWS\SYSTEM32\IPHLPAPI.DLL
0x00007ffd564e0000 - 0x00007ffd564e8000 	C:\WINDOWS\System32\NSI.dll
0x00007ffd485b0000 - 0x00007ffd485c6000 	C:\WINDOWS\SYSTEM32\dhcpcsvc6.DLL
0x00007ffd49480000 - 0x00007ffd4949c000 	C:\WINDOWS\SYSTEM32\dhcpcsvc.DLL
0x00007ffd531c0000 - 0x00007ffd5328b000 	C:\WINDOWS\SYSTEM32\DNSAPI.dll

VM Arguments:
jvm_args: -Xmx1536m -Dfile.encoding=windows-1252 -Duser.country=US -Duser.language=en -Duser.variant 
java_command: org.gradle.launcher.daemon.bootstrap.GradleDaemon 5.6.4
java_class_path (initial): C:\Users\Hamza Irshad\.gradle\wrapper\dists\gradle-5.6.4-all\ankdp27end7byghfw1q2sw75f\gradle-5.6.4\lib\gradle-launcher-5.6.4.jar
Launcher Type: SUN_STANDARD

Environment Variables:
PATH=C:\Program Files (x86)\NVIDIA Corporation\PhysX\Common;C:\Program Files (x86)\Common Files\Oracle\Java\javapath;C:\WINDOWS\system32;C:\WINDOWS;C:\WINDOWS\System32\Wbem;C:\WINDOWS\System32\WindowsPowerShell\v1.0\;C:\WINDOWS\System32\OpenSSH\;C:\Users\Hamza Irshad\AppData\Local\Microsoft\WindowsApps;
USERNAME=Hamza Irshad
OS=Windows_NT
PROCESSOR_IDENTIFIER=Intel64 Family 6 Model 61 Stepping 4, GenuineIntel



---------------  S Y S T E M  ---------------

OS: Windows 10.0 , 64 bit Build 18362 (10.0.18362.778)

CPU:total 4 (initial active 4) (2 cores per cpu, 2 threads per core) family 6 model 61 stepping 4, cmov, cx8, fxsr, mmx, sse, sse2, sse3, ssse3, sse4.1, sse4.2, popcnt, avx, avx2, aes, clmul, erms, 3dnowpref, lzcnt, ht, tsc, tscinvbit, bmi1, bmi2, adx

Memory: 4k page, physical 4107804k(570592k free), swap 4517404k(4084k free)

vm_info: OpenJDK 64-Bit Server VM (25.212-b04) for windows-amd64 JRE (1.8.0_212-release-1586-b04), built by "builder" with MS VC++ 10.0 (VS2010)

time: Wed Jul 15 14:40:56 2020
timezone: Pakistan Standard Time
elapsed time: 6 seconds (0d 0h 0m 6s)

